<?xml version="1.0" encoding="UTF-8"?>
<!-- Generated by org.testng.reporters.JUnitXMLReporter -->
<testsuite ignored="0" hostname="LAPTOP-TFVQBT0P" failures="1" tests="13" name="Test" time="43.772" errors="0" timestamp="2022-08-18T21:20:58 IST">
  <testcase classname="TestLayer.LoginPageTest" name="validateLoginFunctionality" time="15.639">
    <failure type="org.openqa.selenium.NoSuchElementException" message="Unable to find element with locator By.id: txtUsername
For documentation on this error, please visit: https://selenium.dev/exceptions/#no_such_element
Build info: version: &amp;apos;4.2.2&amp;apos;, revision: &amp;apos;683ccb65d6&amp;apos;
System info: host: &amp;apos;LAPTOP-TFVQBT0P&amp;apos;, ip: &amp;apos;192.168.1.102&amp;apos;, os.name: &amp;apos;Windows 11&amp;apos;, os.arch: &amp;apos;amd64&amp;apos;, os.version: &amp;apos;10.0&amp;apos;, java.version: &amp;apos;18.0.1&amp;apos;
Driver info: driver.version: RemoteWebDriver">
      <![CDATA[org.openqa.selenium.NoSuchElementException: Unable to find element with locator By.id: txtUsername
For documentation on this error, please visit: https://selenium.dev/exceptions/#no_such_element
Build info: version: '4.2.2', revision: '683ccb65d6'
System info: host: 'LAPTOP-TFVQBT0P', ip: '192.168.1.102', os.name: 'Windows 11', os.arch: 'amd64', os.version: '10.0', java.version: '18.0.1'
Driver info: driver.version: RemoteWebDriver
at org.openqa.selenium.remote.ElementLocation$ElementFinder$2.findElement(ElementLocation.java:165)
at org.openqa.selenium.remote.ElementLocation.findElement(ElementLocation.java:66)
at org.openqa.selenium.remote.RemoteWebDriver.findElement(RemoteWebDriver.java:406)
at org.openqa.selenium.remote.RemoteWebDriver.findElement(RemoteWebDriver.java:398)
at org.openqa.selenium.support.pagefactory.DefaultElementLocator.findElement(DefaultElementLocator.java:70)
at org.openqa.selenium.support.pagefactory.internal.LocatingElementHandler.invoke(LocatingElementHandler.java:39)
at jdk.proxy2/jdk.proxy2.$Proxy17.getWrappedElement(Unknown Source)
at org.openqa.selenium.remote.internal.WebElementToJsonConverter.apply(WebElementToJsonConverter.java:51)
at java.base/java.util.stream.ReferencePipeline$3$1.accept(ReferencePipeline.java:197)
at java.base/java.util.Spliterators$ArraySpliterator.forEachRemaining(Spliterators.java:992)
at java.base/java.util.stream.AbstractPipeline.copyInto(AbstractPipeline.java:509)
at java.base/java.util.stream.AbstractPipeline.wrapAndCopyInto(AbstractPipeline.java:499)
at java.base/java.util.stream.ReduceOps$ReduceOp.evaluateSequential(ReduceOps.java:921)
at java.base/java.util.stream.AbstractPipeline.evaluate(AbstractPipeline.java:234)
at java.base/java.util.stream.ReferencePipeline.collect(ReferencePipeline.java:682)
at org.openqa.selenium.remote.RemoteWebDriver.executeScript(RemoteWebDriver.java:519)
at UtlisLayer.JSExecutor.enterdatausingJavaScriptExecutor(JSExecutor.java:11)
at PageLayer.LoginPage.loginFunctionality(LoginPage.java:26)
at TestLayer.LoginPageTest.validateLoginFunctionality(LoginPageTest.java:32)
at java.base/java.util.ArrayList.forEach(ArrayList.java:1511)
... Removed 25 stack frames]]>
    </failure>
  </testcase> <!-- validateLoginFunctionality -->
  <testcase classname="TestLayer.HomePageTest" name="validateHomePageTitle" time="0.0">
    <skipped/>
  </testcase> <!-- validateHomePageTitle -->
  <testcase classname="TestLayer.HomePageTest" name="validateHomePageUrl" time="0.0">
    <skipped/>
  </testcase> <!-- validateHomePageUrl -->
  <testcase classname="TestLayer.HomePageTest" name="validateHomePageLogo" time="0.0">
    <skipped/>
  </testcase> <!-- validateHomePageLogo -->
  <testcase classname="TestLayer.HomePageTest" name="validateHomePagePIMLink" time="0.0">
    <skipped/>
  </testcase> <!-- validateHomePagePIMLink -->
  <testcase classname="TestLayer.HomePageTest" name="validateHomePageAdminLink" time="0.0">
    <skipped/>
  </testcase> <!-- validateHomePageAdminLink -->
  <testcase classname="TestLayer.HomePageTest" name="validateHomePageLeaveLink" time="0.0">
    <skipped/>
  </testcase> <!-- validateHomePageLeaveLink -->
  <testcase classname="TestLayer.PIMPageTest" name="validatePIMNewEmployee" time="0.0">
    <skipped/>
  </testcase> <!-- validatePIMNewEmployee -->
  <testcase classname="TestLayer.PIMPageTest" name="validatePersonalDetailsInPIMPage" time="0.0">
    <skipped/>
  </testcase> <!-- validatePersonalDetailsInPIMPage -->
  <testcase classname="TestLayer.PIMPageTest" name="validateDrivingLicenseDate" time="0.0">
    <skipped/>
  </testcase> <!-- validateDrivingLicenseDate -->
  <testcase classname="TestLayer.PIMPageTest" name="validateCountryDropDown" time="0.0">
    <skipped/>
  </testcase> <!-- validateCountryDropDown -->
  <testcase classname="TestLayer.PIMPageTest" name="validateMaritalStatusDropDown" time="0.0">
    <skipped/>
  </testcase> <!-- validateMaritalStatusDropDown -->
  <testcase classname="TestLayer.PIMPageTest" name="validateDobDates" time="0.0">
    <skipped/>
  </testcase> <!-- validateDobDates -->
</testsuite> <!-- Test -->
