<?xml version="1.0" encoding="UTF-8"?>
<!-- Generated by org.testng.reporters.JUnitXMLReporter -->
<testsuite ignored="0" hostname="LAPTOP-TFVQBT0P" failures="0" tests="13" name="GRP-HomePage,PIMPage,LoginPage" time="0.158" errors="0" timestamp="2022-08-18T18:09:14 IST">
  <testcase classname="TestLayer.LoginPageTest" name="@BeforeTest setUp" time="0.025">
    <failure type="java.lang.NoClassDefFoundError" message="org/apache/http/client/methods/HttpRequestBase">
      <![CDATA[java.lang.NoClassDefFoundError: org/apache/http/client/methods/HttpRequestBase
at BaseLayer.BaseClass.initlization(BaseClass.java:20)
at TestLayer.LoginPageTest.setUp(LoginPageTest.java:19)
at java.base/jdk.internal.reflect.DirectMethodHandleAccessor.invoke(DirectMethodHandleAccessor.java:104)
at java.base/java.lang.reflect.Method.invoke(Method.java:577)
at org.testng.internal.MethodInvocationHelper.invokeMethod(MethodInvocationHelper.java:133)
at org.testng.internal.MethodInvocationHelper.invokeMethodConsideringTimeout(MethodInvocationHelper.java:62)
at org.testng.internal.ConfigInvoker.invokeConfigurationMethod(ConfigInvoker.java:385)
at org.testng.internal.ConfigInvoker.invokeConfigurations(ConfigInvoker.java:321)
at org.testng.TestRunner.invokeTestConfigurations(TestRunner.java:637)
at org.testng.TestRunner.beforeRun(TestRunner.java:627)
at org.testng.TestRunner.run(TestRunner.java:589)
at org.testng.SuiteRunner.runTest(SuiteRunner.java:377)
at org.testng.SuiteRunner.runSequentially(SuiteRunner.java:371)
at org.testng.SuiteRunner.privateRun(SuiteRunner.java:332)
at org.testng.SuiteRunner.run(SuiteRunner.java:276)
at org.testng.SuiteRunnerWorker.runSuite(SuiteRunnerWorker.java:53)
at org.testng.SuiteRunnerWorker.run(SuiteRunnerWorker.java:96)
at org.testng.TestNG.runSuitesSequentially(TestNG.java:1212)
at org.testng.TestNG.runSuitesLocally(TestNG.java:1134)
at org.testng.TestNG.runSuites(TestNG.java:1063)
at org.testng.TestNG.run(TestNG.java:1031)
at org.testng.remote.AbstractRemoteTestNG.run(AbstractRemoteTestNG.java:115)
at org.testng.remote.RemoteTestNG.initAndRun(RemoteTestNG.java:251)
at org.testng.remote.RemoteTestNG.main(RemoteTestNG.java:77)
Caused by: java.lang.ClassNotFoundException: org.apache.http.client.methods.HttpRequestBase
at java.base/jdk.internal.loader.BuiltinClassLoader.loadClass(BuiltinClassLoader.java:641)
at java.base/jdk.internal.loader.ClassLoaders$AppClassLoader.loadClass(ClassLoaders.java:188)
at java.base/java.lang.ClassLoader.loadClass(ClassLoader.java:521)
... 24 more
]]>
    </failure>
  </testcase> <!-- @BeforeTest setUp -->
  <testcase classname="TestLayer.LoginPageTest" name="@AfterTest tearDown" time="-1.660826354453E9">
    <skipped/>
  </testcase> <!-- @AfterTest tearDown -->
  <testcase classname="TestLayer.LoginPageTest" name="validateLoginFunctionality" time="0.0">
    <skipped/>
  </testcase> <!-- validateLoginFunctionality -->
  <testcase classname="TestLayer.HomePageTest" name="validateHomePageTitle" time="0.0">
    <skipped/>
  </testcase> <!-- validateHomePageTitle -->
  <testcase classname="TestLayer.HomePageTest" name="validateHomePageUrl" time="0.0">
    <skipped/>
  </testcase> <!-- validateHomePageUrl -->
  <testcase classname="TestLayer.HomePageTest" name="validateHomePageLogo" time="0.0">
    <skipped/>
  </testcase> <!-- validateHomePageLogo -->
  <testcase classname="TestLayer.HomePageTest" name="validateHomePagePIMLink" time="0.0">
    <skipped/>
  </testcase> <!-- validateHomePagePIMLink -->
  <testcase classname="TestLayer.HomePageTest" name="validateHomePageAdminLink" time="0.0">
    <skipped/>
  </testcase> <!-- validateHomePageAdminLink -->
  <testcase classname="TestLayer.HomePageTest" name="validateHomePageLeaveLink" time="0.0">
    <skipped/>
  </testcase> <!-- validateHomePageLeaveLink -->
  <testcase classname="TestLayer.PIMPageTest" name="validatePIMNewEmployee" time="0.0">
    <skipped/>
  </testcase> <!-- validatePIMNewEmployee -->
  <testcase classname="TestLayer.PIMPageTest" name="validatePersonalDetailsInPIMPage" time="0.0">
    <skipped/>
  </testcase> <!-- validatePersonalDetailsInPIMPage -->
  <testcase classname="TestLayer.PIMPageTest" name="validateDrivingLicenseDate" time="0.0">
    <skipped/>
  </testcase> <!-- validateDrivingLicenseDate -->
  <testcase classname="TestLayer.PIMPageTest" name="validateCountryDropDown" time="0.0">
    <skipped/>
  </testcase> <!-- validateCountryDropDown -->
  <testcase classname="TestLayer.PIMPageTest" name="validateMaritalStatusDropDown" time="0.0">
    <skipped/>
  </testcase> <!-- validateMaritalStatusDropDown -->
  <testcase classname="TestLayer.PIMPageTest" name="validateDobDates" time="0.0">
    <skipped/>
  </testcase> <!-- validateDobDates -->
</testsuite> <!-- GRP-HomePage,PIMPage,LoginPage -->
